{"/Users/parth/Desktop/Futureproof_work/fruitNinjas/app.js": {"path":"/Users/parth/Desktop/Futureproof_work/fruitNinjas/app.js","statementMap":{"0":{"start":{"line":1,"column":16},"end":{"line":1,"column":34}},"1":{"start":{"line":2,"column":12},"end":{"line":2,"column":21}},"2":{"start":{"line":4,"column":19},"end":{"line":4,"column":60}},"3":{"start":{"line":8,"column":0},"end":{"line":10,"column":2}},"4":{"start":{"line":9,"column":4},"end":{"line":9,"column":30}},"5":{"start":{"line":12,"column":0},"end":{"line":12,"column":31}},"6":{"start":{"line":14,"column":0},"end":{"line":14,"column":21}}},"fnMap":{"0":{"name":"(anonymous_0)","decl":{"start":{"line":8,"column":13},"end":{"line":8,"column":14}},"loc":{"start":{"line":8,"column":26},"end":{"line":10,"column":1}},"line":8}},"branchMap":{},"s":{"0":1,"1":1,"2":1,"3":1,"4":1,"5":1,"6":1},"f":{"0":1},"b":{},"_coverageSchema":"1a1c01bbd47fc00a2c39e90264f33305004495a9","hash":"285c2812a22cf942fd5d95095f7e3987efdd8f34"}
,"/Users/parth/Desktop/Futureproof_work/fruitNinjas/controllers/fruitsController.js": {"path":"/Users/parth/Desktop/Futureproof_work/fruitNinjas/controllers/fruitsController.js","statementMap":{"0":{"start":{"line":1,"column":16},"end":{"line":1,"column":34}},"1":{"start":{"line":2,"column":15},"end":{"line":2,"column":40}},"2":{"start":{"line":3,"column":15},"end":{"line":3,"column":31}},"3":{"start":{"line":5,"column":18},"end":{"line":8,"column":1}},"4":{"start":{"line":6,"column":14},"end":{"line":6,"column":53}},"5":{"start":{"line":7,"column":4},"end":{"line":7,"column":23}},"6":{"start":{"line":10,"column":15},"end":{"line":10,"column":26}},"7":{"start":{"line":12,"column":22},"end":{"line":12,"column":27}},"8":{"start":{"line":13,"column":17},"end":{"line":13,"column":18}},"9":{"start":{"line":15,"column":0},"end":{"line":17,"column":2}},"10":{"start":{"line":16,"column":4},"end":{"line":16,"column":50}},"11":{"start":{"line":19,"column":0},"end":{"line":21,"column":2}},"12":{"start":{"line":20,"column":4},"end":{"line":20,"column":29}},"13":{"start":{"line":23,"column":0},"end":{"line":31,"column":2}},"14":{"start":{"line":24,"column":18},"end":{"line":24,"column":38}},"15":{"start":{"line":25,"column":4},"end":{"line":30,"column":5}},"16":{"start":{"line":26,"column":8},"end":{"line":26,"column":123}},"17":{"start":{"line":28,"column":8},"end":{"line":28,"column":21}},"18":{"start":{"line":29,"column":8},"end":{"line":29,"column":53}},"19":{"start":{"line":33,"column":0},"end":{"line":38,"column":2}},"20":{"start":{"line":34,"column":4},"end":{"line":34,"column":27}},"21":{"start":{"line":35,"column":14},"end":{"line":35,"column":36}},"22":{"start":{"line":36,"column":14},"end":{"line":36,"column":28}},"23":{"start":{"line":37,"column":4},"end":{"line":37,"column":33}},"24":{"start":{"line":41,"column":4},"end":{"line":41,"column":33}},"25":{"start":{"line":42,"column":14},"end":{"line":42,"column":31}},"26":{"start":{"line":43,"column":4},"end":{"line":43,"column":30}},"27":{"start":{"line":47,"column":4},"end":{"line":47,"column":50}},"28":{"start":{"line":52,"column":0},"end":{"line":52,"column":24}}},"fnMap":{"0":{"name":"(anonymous_0)","decl":{"start":{"line":5,"column":18},"end":{"line":5,"column":19}},"loc":{"start":{"line":5,"column":23},"end":{"line":8,"column":1}},"line":5},"1":{"name":"(anonymous_1)","decl":{"start":{"line":15,"column":16},"end":{"line":15,"column":17}},"loc":{"start":{"line":15,"column":28},"end":{"line":17,"column":1}},"line":15},"2":{"name":"(anonymous_2)","decl":{"start":{"line":19,"column":20},"end":{"line":19,"column":21}},"loc":{"start":{"line":19,"column":33},"end":{"line":21,"column":1}},"line":19},"3":{"name":"(anonymous_3)","decl":{"start":{"line":23,"column":32},"end":{"line":23,"column":33}},"loc":{"start":{"line":23,"column":44},"end":{"line":31,"column":1}},"line":23},"4":{"name":"(anonymous_4)","decl":{"start":{"line":33,"column":20},"end":{"line":33,"column":21}},"loc":{"start":{"line":33,"column":32},"end":{"line":38,"column":1}},"line":33},"5":{"name":"getKey","decl":{"start":{"line":40,"column":9},"end":{"line":40,"column":15}},"loc":{"start":{"line":40,"column":20},"end":{"line":44,"column":1}},"line":40},"6":{"name":"isCorrect","decl":{"start":{"line":46,"column":9},"end":{"line":46,"column":18}},"loc":{"start":{"line":46,"column":33},"end":{"line":48,"column":1}},"line":46}},"branchMap":{"0":{"loc":{"start":{"line":25,"column":4},"end":{"line":30,"column":5}},"type":"if","locations":[{"start":{"line":25,"column":4},"end":{"line":30,"column":5}},{"start":{"line":25,"column":4},"end":{"line":30,"column":5}}],"line":25},"1":{"loc":{"start":{"line":26,"column":43},"end":{"line":26,"column":87}},"type":"cond-expr","locations":[{"start":{"line":26,"column":61},"end":{"line":26,"column":74}},{"start":{"line":26,"column":77},"end":{"line":26,"column":87}}],"line":26},"2":{"loc":{"start":{"line":47,"column":11},"end":{"line":47,"column":49}},"type":"cond-expr","locations":[{"start":{"line":47,"column":37},"end":{"line":47,"column":41}},{"start":{"line":47,"column":44},"end":{"line":47,"column":49}}],"line":47}},"s":{"0":1,"1":1,"2":1,"3":1,"4":1,"5":1,"6":1,"7":1,"8":1,"9":1,"10":0,"11":1,"12":0,"13":1,"14":1,"15":1,"16":0,"17":1,"18":1,"19":1,"20":1,"21":1,"22":1,"23":1,"24":1,"25":1,"26":1,"27":1,"28":1},"f":{"0":1,"1":0,"2":0,"3":1,"4":1,"5":1,"6":1},"b":{"0":[0,1],"1":[0,0],"2":[0,1]},"_coverageSchema":"1a1c01bbd47fc00a2c39e90264f33305004495a9","hash":"2a2a8b5543f5cb0590f9464b6eaab6804d9ea4eb"}
,"/Users/parth/Desktop/Futureproof_work/fruitNinjas/data/fruits.js": {"path":"/Users/parth/Desktop/Futureproof_work/fruitNinjas/data/fruits.js","statementMap":{"0":{"start":{"line":2,"column":15},"end":{"line":12,"column":1}},"1":{"start":{"line":14,"column":0},"end":{"line":14,"column":24}}},"fnMap":{},"branchMap":{},"s":{"0":1,"1":1},"f":{},"b":{},"_coverageSchema":"1a1c01bbd47fc00a2c39e90264f33305004495a9","hash":"0f1d4e9899d1aa1a87cc424903108b0bd2a11a1d"}
}
