TN:
SF:app.js
FN:8,(anonymous_0)
FNF:1
FNH:1
FNDA:1,(anonymous_0)
DA:1,1
DA:2,1
DA:4,1
DA:8,1
DA:9,1
DA:12,1
DA:14,1
LF:7
LH:7
BRF:0
BRH:0
end_of_record
TN:
SF:controllers/fruitsController.js
FN:5,(anonymous_0)
FN:15,(anonymous_1)
FN:19,(anonymous_2)
FN:23,(anonymous_3)
FN:33,(anonymous_4)
FN:40,getKey
FN:46,isCorrect
FNF:7
FNH:5
FNDA:1,(anonymous_0)
FNDA:0,(anonymous_1)
FNDA:0,(anonymous_2)
FNDA:1,(anonymous_3)
FNDA:1,(anonymous_4)
FNDA:1,getKey
FNDA:1,isCorrect
DA:1,1
DA:2,1
DA:3,1
DA:5,1
DA:6,1
DA:7,1
DA:10,1
DA:12,1
DA:13,1
DA:15,1
DA:16,0
DA:19,1
DA:20,0
DA:23,1
DA:24,1
DA:25,1
DA:26,0
DA:28,1
DA:29,1
DA:33,1
DA:34,1
DA:35,1
DA:36,1
DA:37,1
DA:41,1
DA:42,1
DA:43,1
DA:47,1
DA:52,1
LF:29
LH:26
BRDA:25,0,0,0
BRDA:25,0,1,1
BRDA:26,1,0,0
BRDA:26,1,1,0
BRDA:47,2,0,0
BRDA:47,2,1,1
BRF:6
BRH:2
end_of_record
TN:
SF:data/fruits.js
FNF:0
FNH:0
DA:2,1
DA:14,1
LF:2
LH:2
BRF:0
BRH:0
end_of_record
